<?xml version="1.0" encoding="UTF-8"?>
<!-- Generated by org.testng.reporters.JUnitReportReporter -->
<testsuite skipped="0" hostname="BDC4-L-72220XT" name="newpkg.newtestng" tests="1" failures="0" timestamp="18 Jan 2019 10:53:52 GMT" time="8.098" errors="0">
  <testcase name="f" time="8.098" classname="newpkg.newtestng"/>
</testsuite> <!-- newpkg.newtestng -->
